<?xml version="1.0" encoding="UTF-8"?>
<robot generator="Robot 6.1.1 (Python 3.11.4 on win32)" generated="20231201 12:33:32.337" rpa="false" schemaversion="4">
<suite id="s1" name="Preenchimento Correto" source="c:\Users\penie\OneDrive - Spread Tecnologia\Nova pasta\CURSO-ROBOT\preenchimento_correto.robot">
<test id="s1-t1" name="Verificar se é possivel criar mais de um card se preenchermos os campos corretamente" line="27">
<kw name="Dado que eu acesse o Organo" library="setup_teardown" type="SETUP">
<kw name="Open Browser" library="SeleniumLibrary">
<arg>url=http://localhost:3000/</arg>
<arg>browser=chrome</arg>
<doc>Opens a new browser instance to the optional ``url``.</doc>
<msg timestamp="20231201 12:33:32.802" level="INFO">Opening browser 'chrome' to base url 'http://localhost:3000/'.</msg>
<status status="PASS" starttime="20231201 12:33:32.801" endtime="20231201 12:33:35.798"/>
</kw>
<status status="PASS" starttime="20231201 12:33:32.800" endtime="20231201 12:33:35.799"/>
</kw>
<kw name="Dado que preencha os campos do formulario">
<kw name="Input Text" library="SeleniumLibrary">
<arg>${CAMPO_NOME}</arg>
<arg>Akemi</arg>
<doc>Types the given ``text`` into the text field identified by ``locator``.</doc>
<msg timestamp="20231201 12:33:35.806" level="INFO">Typing text 'Akemi' into text field 'id:form-nome'.</msg>
<status status="PASS" starttime="20231201 12:33:35.802" endtime="20231201 12:33:35.996"/>
</kw>
<kw name="Input Text" library="SeleniumLibrary">
<arg>${CAMPO_CARGO}</arg>
<arg>Desenvolvedora</arg>
<doc>Types the given ``text`` into the text field identified by ``locator``.</doc>
<msg timestamp="20231201 12:33:35.998" level="INFO">Typing text 'Desenvolvedora' into text field 'id:form-cargo'.</msg>
<status status="PASS" starttime="20231201 12:33:35.997" endtime="20231201 12:33:36.144"/>
</kw>
<kw name="Input Text" library="SeleniumLibrary">
<arg>${CAMPO_IMAGE}</arg>
<arg>https://picsum.photos/200/300</arg>
<doc>Types the given ``text`` into the text field identified by ``locator``.</doc>
<msg timestamp="20231201 12:33:36.146" level="INFO">Typing text 'https://picsum.photos/200/300' into text field 'id:form-imagem'.</msg>
<status status="PASS" starttime="20231201 12:33:36.145" endtime="20231201 12:33:36.377"/>
</kw>
<kw name="Click Element" library="SeleniumLibrary">
<arg>${CAMPO_TIME}</arg>
<doc>Click the element identified by ``locator``.</doc>
<msg timestamp="20231201 12:33:36.380" level="INFO">Clicking element 'class:lista-suspensa'.</msg>
<status status="PASS" starttime="20231201 12:33:36.378" endtime="20231201 12:33:36.476"/>
</kw>
<kw name="Click Element" library="SeleniumLibrary">
<arg>${OPCAO_PROGRAMACAO}</arg>
<doc>Click the element identified by ``locator``.</doc>
<msg timestamp="20231201 12:33:36.478" level="INFO">Clicking element '//option[contains(.,'Programação')]'.</msg>
<status status="PASS" starttime="20231201 12:33:36.477" endtime="20231201 12:33:36.528"/>
</kw>
<kw name="Sleep" library="BuiltIn">
<arg>10s</arg>
<doc>Pauses the test executed for the given time.</doc>
<msg timestamp="20231201 12:33:46.530" level="INFO">Slept 10 seconds</msg>
<status status="PASS" starttime="20231201 12:33:36.529" endtime="20231201 12:33:46.530"/>
</kw>
<status status="PASS" starttime="20231201 12:33:35.800" endtime="20231201 12:33:46.531"/>
</kw>
<kw name="E clique no botão criar card">
<kw name="Click Element" library="SeleniumLibrary">
<arg>${BOTAO_CARD}</arg>
<doc>Click the element identified by ``locator``.</doc>
<msg timestamp="20231201 12:33:46.535" level="INFO">Clicking element 'id:form-botao'.</msg>
<status status="PASS" starttime="20231201 12:33:46.534" endtime="20231201 12:33:46.708"/>
</kw>
<status status="PASS" starttime="20231201 12:33:46.532" endtime="20231201 12:33:46.709"/>
</kw>
<kw name="Então identificar 3 cards no time esperado">
<for flavor="IN RANGE">
<var>${i}</var>
<value>1</value>
<value>3</value>
<iter>
<var name="${i}">1</var>
<kw name="Dado que preencha os campos do formulario">
<kw name="Input Text" library="SeleniumLibrary">
<arg>${CAMPO_NOME}</arg>
<arg>Akemi</arg>
<doc>Types the given ``text`` into the text field identified by ``locator``.</doc>
<msg timestamp="20231201 12:33:46.712" level="INFO">Typing text 'Akemi' into text field 'id:form-nome'.</msg>
<status status="PASS" starttime="20231201 12:33:46.711" endtime="20231201 12:33:47.007"/>
</kw>
<kw name="Input Text" library="SeleniumLibrary">
<arg>${CAMPO_CARGO}</arg>
<arg>Desenvolvedora</arg>
<doc>Types the given ``text`` into the text field identified by ``locator``.</doc>
<msg timestamp="20231201 12:33:47.008" level="INFO">Typing text 'Desenvolvedora' into text field 'id:form-cargo'.</msg>
<status status="PASS" starttime="20231201 12:33:47.007" endtime="20231201 12:33:47.183"/>
</kw>
<kw name="Input Text" library="SeleniumLibrary">
<arg>${CAMPO_IMAGE}</arg>
<arg>https://picsum.photos/200/300</arg>
<doc>Types the given ``text`` into the text field identified by ``locator``.</doc>
<msg timestamp="20231201 12:33:47.184" level="INFO">Typing text 'https://picsum.photos/200/300' into text field 'id:form-imagem'.</msg>
<status status="PASS" starttime="20231201 12:33:47.183" endtime="20231201 12:33:47.328"/>
</kw>
<kw name="Click Element" library="SeleniumLibrary">
<arg>${CAMPO_TIME}</arg>
<doc>Click the element identified by ``locator``.</doc>
<msg timestamp="20231201 12:33:47.329" level="INFO">Clicking element 'class:lista-suspensa'.</msg>
<status status="PASS" starttime="20231201 12:33:47.328" endtime="20231201 12:33:47.391"/>
</kw>
<kw name="Click Element" library="SeleniumLibrary">
<arg>${OPCAO_PROGRAMACAO}</arg>
<doc>Click the element identified by ``locator``.</doc>
<msg timestamp="20231201 12:33:47.393" level="INFO">Clicking element '//option[contains(.,'Programação')]'.</msg>
<status status="PASS" starttime="20231201 12:33:47.392" endtime="20231201 12:33:47.429"/>
</kw>
<kw name="Sleep" library="BuiltIn">
<arg>10s</arg>
<doc>Pauses the test executed for the given time.</doc>
<msg timestamp="20231201 12:33:57.430" level="INFO">Slept 10 seconds</msg>
<status status="PASS" starttime="20231201 12:33:47.430" endtime="20231201 12:33:57.430"/>
</kw>
<status status="PASS" starttime="20231201 12:33:46.711" endtime="20231201 12:33:57.431"/>
</kw>
<kw name="E clique no botão criar card">
<kw name="Click Element" library="SeleniumLibrary">
<arg>${BOTAO_CARD}</arg>
<doc>Click the element identified by ``locator``.</doc>
<msg timestamp="20231201 12:33:57.433" level="INFO">Clicking element 'id:form-botao'.</msg>
<status status="PASS" starttime="20231201 12:33:57.432" endtime="20231201 12:33:57.485"/>
</kw>
<status status="PASS" starttime="20231201 12:33:57.431" endtime="20231201 12:33:57.485"/>
</kw>
<status status="PASS" starttime="20231201 12:33:46.710" endtime="20231201 12:33:57.485"/>
</iter>
<iter>
<var name="${i}">2</var>
<kw name="Dado que preencha os campos do formulario">
<kw name="Input Text" library="SeleniumLibrary">
<arg>${CAMPO_NOME}</arg>
<arg>Akemi</arg>
<doc>Types the given ``text`` into the text field identified by ``locator``.</doc>
<msg timestamp="20231201 12:33:57.489" level="INFO">Typing text 'Akemi' into text field 'id:form-nome'.</msg>
<status status="PASS" starttime="20231201 12:33:57.487" endtime="20231201 12:33:57.609"/>
</kw>
<kw name="Input Text" library="SeleniumLibrary">
<arg>${CAMPO_CARGO}</arg>
<arg>Desenvolvedora</arg>
<doc>Types the given ``text`` into the text field identified by ``locator``.</doc>
<msg timestamp="20231201 12:33:57.611" level="INFO">Typing text 'Desenvolvedora' into text field 'id:form-cargo'.</msg>
<status status="PASS" starttime="20231201 12:33:57.610" endtime="20231201 12:33:57.727"/>
</kw>
<kw name="Input Text" library="SeleniumLibrary">
<arg>${CAMPO_IMAGE}</arg>
<arg>https://picsum.photos/200/300</arg>
<doc>Types the given ``text`` into the text field identified by ``locator``.</doc>
<msg timestamp="20231201 12:33:57.728" level="INFO">Typing text 'https://picsum.photos/200/300' into text field 'id:form-imagem'.</msg>
<status status="PASS" starttime="20231201 12:33:57.728" endtime="20231201 12:33:57.873"/>
</kw>
<kw name="Click Element" library="SeleniumLibrary">
<arg>${CAMPO_TIME}</arg>
<doc>Click the element identified by ``locator``.</doc>
<msg timestamp="20231201 12:33:57.875" level="INFO">Clicking element 'class:lista-suspensa'.</msg>
<status status="PASS" starttime="20231201 12:33:57.874" endtime="20231201 12:33:57.936"/>
</kw>
<kw name="Click Element" library="SeleniumLibrary">
<arg>${OPCAO_PROGRAMACAO}</arg>
<doc>Click the element identified by ``locator``.</doc>
<msg timestamp="20231201 12:33:57.938" level="INFO">Clicking element '//option[contains(.,'Programação')]'.</msg>
<status status="PASS" starttime="20231201 12:33:57.937" endtime="20231201 12:33:57.975"/>
</kw>
<kw name="Sleep" library="BuiltIn">
<arg>10s</arg>
<doc>Pauses the test executed for the given time.</doc>
<msg timestamp="20231201 12:34:07.976" level="INFO">Slept 10 seconds</msg>
<status status="PASS" starttime="20231201 12:33:57.976" endtime="20231201 12:34:07.976"/>
</kw>
<status status="PASS" starttime="20231201 12:33:57.486" endtime="20231201 12:34:07.976"/>
</kw>
<kw name="E clique no botão criar card">
<kw name="Click Element" library="SeleniumLibrary">
<arg>${BOTAO_CARD}</arg>
<doc>Click the element identified by ``locator``.</doc>
<msg timestamp="20231201 12:34:07.978" level="INFO">Clicking element 'id:form-botao'.</msg>
<status status="PASS" starttime="20231201 12:34:07.977" endtime="20231201 12:34:08.026"/>
</kw>
<status status="PASS" starttime="20231201 12:34:07.977" endtime="20231201 12:34:08.027"/>
</kw>
<status status="PASS" starttime="20231201 12:33:57.486" endtime="20231201 12:34:08.027"/>
</iter>
<status status="PASS" starttime="20231201 12:33:46.710" endtime="20231201 12:34:08.027"/>
</for>
<kw name="Sleep" library="BuiltIn">
<arg>10s</arg>
<doc>Pauses the test executed for the given time.</doc>
<msg timestamp="20231201 12:34:18.028" level="INFO">Slept 10 seconds</msg>
<status status="PASS" starttime="20231201 12:34:08.027" endtime="20231201 12:34:18.028"/>
</kw>
<status status="PASS" starttime="20231201 12:33:46.709" endtime="20231201 12:34:18.029"/>
</kw>
<kw name="Fechar o navegador" library="setup_teardown" type="TEARDOWN">
<kw name="Close Browser" library="SeleniumLibrary">
<doc>Closes the current browser.</doc>
<status status="PASS" starttime="20231201 12:34:18.031" endtime="20231201 12:34:20.277"/>
</kw>
<status status="PASS" starttime="20231201 12:34:18.030" endtime="20231201 12:34:20.277"/>
</kw>
<status status="PASS" starttime="20231201 12:33:32.799" endtime="20231201 12:34:20.278"/>
</test>
<status status="PASS" starttime="20231201 12:33:32.348" endtime="20231201 12:34:20.280"/>
</suite>
<statistics>
<total>
<stat pass="1" fail="0" skip="0">All Tests</stat>
</total>
<tag>
</tag>
<suite>
<stat pass="1" fail="0" skip="0" id="s1" name="Preenchimento Correto">Preenchimento Correto</stat>
</suite>
</statistics>
<errors>
</errors>
</robot>
